[DEBUG] - ConectarBD:50 2019-07-31 07:20:32 - Conectando con BD:
[DEBUG] - ConectarBD:50 2019-07-31 07:20:32 - Conectando con BD:
[DEBUG] - ConectarBD:50 2019-07-31 07:20:32 - Conectando con BD:
[DEBUG] - ConectarBD:50 2019-07-31 07:20:32 - Conectando con BD:
[DEBUG] - ConectarBD:50 2019-07-31 07:20:32 - Conectando con BD:
[DEBUG] - ConectarBD:50 2019-07-31 07:20:33 - Conectando con BD:
[DEBUG] - ConectarBD:50 2019-07-31 07:20:33 - Conectando con BD:
[DEBUG] - ConectarBD:50 2019-07-31 07:20:33 - Conectando con BD:
[DEBUG] - ConectarBD:50 2019-07-31 07:20:33 - Conectando con BD:
[DEBUG] - ConectarBD:50 2019-07-31 07:20:33 - Conectando con BD:
[DEBUG] - ConectarBD:50 2019-07-31 07:20:33 - Conectando con BD:
[DEBUG] - ConectarBD:50 2019-07-31 07:20:33 - Conectando con BD:
[DEBUG] - ConectarBD:50 2019-07-31 07:20:33 - Conectando con BD:
[DEBUG] - ConectarBD:50 2019-07-31 07:20:33 - Conectando con BD:
[DEBUG] - ConectarBD:50 2019-07-31 07:20:33 - Conectando con BD:
[DEBUG] - ConectarBD:50 2019-07-31 07:20:33 - Conectando con BD:
[DEBUG] - ConectarBD:50 2019-07-31 07:20:33 - Conectando con BD:
[DEBUG] - ConectarBD:50 2019-07-31 07:20:33 - Conectando con BD:
[DEBUG] - ConectarBD:50 2019-07-31 07:20:33 - Conectando con BD:
[DEBUG] - ConectarBD:50 2019-07-31 07:20:33 - Conectando con BD:
[DEBUG] - ConectarBD:50 2019-07-31 07:22:30 - Conectando con BD:
[DEBUG] - ConectarBD:50 2019-07-31 07:22:30 - Conectando con BD:
[DEBUG] - ConectarBD:50 2019-07-31 07:22:30 - Conectando con BD:
[DEBUG] - ConectarBD:50 2019-07-31 07:22:30 - Conectando con BD:
[DEBUG] - ConectarBD:50 2019-07-31 07:22:30 - Conectando con BD:
[DEBUG] - ConectarBD:50 2019-07-31 07:22:30 - Conectando con BD:
[DEBUG] - ConectarBD:50 2019-07-31 07:22:30 - Conectando con BD:
[DEBUG] - ConectarBD:50 2019-07-31 07:22:30 - Conectando con BD:
[DEBUG] - ConectarBD:50 2019-07-31 07:22:30 - Conectando con BD:
[DEBUG] - ConectarBD:50 2019-07-31 07:22:30 - Conectando con BD:
[DEBUG] - ConectarBD:50 2019-07-31 07:22:30 - Conectando con BD:
[DEBUG] - ConectarBD:50 2019-07-31 07:22:30 - Conectando con BD:
[DEBUG] - ConectarBD:50 2019-07-31 07:22:30 - Conectando con BD:
[DEBUG] - ConectarBD:50 2019-07-31 07:22:30 - Conectando con BD:
[DEBUG] - ConectarBD:50 2019-07-31 07:22:30 - Conectando con BD:
[DEBUG] - ConectarBD:50 2019-07-31 07:22:30 - Conectando con BD:
[DEBUG] - ConectarBD:50 2019-07-31 07:22:30 - Conectando con BD:
[DEBUG] - ConectarBD:50 2019-07-31 07:22:30 - Conectando con BD:
[DEBUG] - ConectarBD:50 2019-07-31 07:22:30 - Conectando con BD:
[DEBUG] - ConectarBD:50 2019-07-31 07:22:30 - Conectando con BD:
[DEBUG] - ConectarBD:50 2019-07-31 07:22:30 - Conectando con BD:
[DEBUG] - ConectarBD:50 2019-07-31 07:22:47 - Conectando con BD:
[DEBUG] - ConectarBD:50 2019-07-31 07:22:47 - Conectando con BD:
[DEBUG] - ConectarBD:50 2019-07-31 07:23:06 - Conectando con BD:
[DEBUG] - ConectarBD:50 2019-07-31 07:23:06 - Conectando con BD:
[DEBUG] - ConectarBD:50 2019-07-31 07:23:20 - Conectando con BD:
[DEBUG] - ConectarBD:50 2019-07-31 07:25:09 - Conectando con BD:
[DEBUG] - ConectarBD:50 2019-07-31 07:26:26 - Conectando con BD:
[DEBUG] - ConectarBD:50 2019-07-31 08:01:09 - Conectando con BD:
[ INFO] - DatosCliente:258 2019-07-31 08:01:11 - You have an error in your SQL syntax; check the manual that corresponds to your MySQL server version for the right syntax to use near '' WHERE ID_CLIENTE =0AND ID_PELICULA =0' at line 1
[DEBUG] - ConectarBD:50 2019-07-31 08:03:25 - Conectando con BD:
[ INFO] - DatosCliente:258 2019-07-31 08:03:26 - You have an error in your SQL syntax; check the manual that corresponds to your MySQL server version for the right syntax to use near '' WHERE ID_CLIENTE =0 AND ID_PELICULA =0' at line 1
[DEBUG] - ConectarBD:50 2019-07-31 08:03:26 - Conectando con BD:
[DEBUG] - ConectarBD:50 2019-07-31 08:11:29 - Conectando con BD:
[DEBUG] - ConectarBD:50 2019-07-31 08:11:35 - Conectando con BD:
[DEBUG] - ConectarBD:50 2019-07-31 08:11:35 - Conectando con BD:
[ INFO] - DatosCliente:258 2019-07-31 08:11:35 - You have an error in your SQL syntax; check the manual that corresponds to your MySQL server version for the right syntax to use near '' WHERE ID_CLIENTE = 1 AND ID_PELICULA = 1' at line 1
[DEBUG] - ConectarBD:50 2019-07-31 08:21:45 - Conectando con BD:
[DEBUG] - ConectarBD:50 2019-07-31 08:21:52 - Conectando con BD:
[DEBUG] - ConectarBD:50 2019-07-31 08:21:52 - Conectando con BD:
[DEBUG] - ConectarBD:50 2019-07-31 09:04:40 - Conectando con BD:
[DEBUG] - ConectarBD:50 2019-07-31 09:04:40 - Conectando con BD:
[DEBUG] - ConectarBD:50 2019-07-31 09:04:52 - Conectando con BD:
[DEBUG] - ConectarBD:50 2019-07-31 09:05:15 - Conectando con BD:
[DEBUG] - ConectarBD:50 2019-07-31 09:05:15 - Conectando con BD:
[DEBUG] - ConectarBD:50 2019-07-31 09:05:21 - Conectando con BD:
[DEBUG] - ConectarBD:50 2019-07-31 09:06:40 - Conectando con BD:
[DEBUG] - ConectarBD:50 2019-07-31 09:06:52 - Conectando con BD:
[DEBUG] - ConectarBD:50 2019-07-31 09:07:00 - Conectando con BD:
[DEBUG] - ConectarBD:50 2019-07-31 09:18:47 - Conectando con BD:
[DEBUG] - ConectarBD:50 2019-07-31 09:19:08 - Conectando con BD:
[DEBUG] - ConectarBD:50 2019-07-31 09:19:16 - Conectando con BD:
[DEBUG] - ConectarBD:50 2019-07-31 09:27:20 - Conectando con BD:
[DEBUG] - ConectarBD:50 2019-07-31 09:27:21 - Conectando con BD:
[ INFO] - GenerarInforme:183 2019-07-31 09:27:21 - You have an error in your SQL syntax; check the manual that corresponds to your MySQL server version for the right syntax to use near 'SELECT * FROM movieflix.cliente_pelicula WHERE VISTA=FALSE' at line 1
[DEBUG] - ConectarBD:50 2019-07-31 09:29:52 - Conectando con BD:
[DEBUG] - ConectarBD:50 2019-07-31 09:29:52 - Conectando con BD:
[DEBUG] - ConectarBD:50 2019-07-31 09:46:04 - Conectando con BD:
[DEBUG] - ConectarBD:50 2019-07-31 09:47:00 - Conectando con BD:
[DEBUG] - ConectarBD:50 2019-07-31 10:02:32 - Conectando con BD:
[DEBUG] - ConectarBD:50 2019-07-31 10:03:20 - Conectando con BD:
[DEBUG] - ConectarBD:50 2019-07-31 10:06:42 - Conectando con BD:
[DEBUG] - ConectarBD:52 2019-07-31 10:12:09 - Conectando con BD:
[DEBUG] - ConectarBD:52 2019-07-31 10:12:10 - Conectando con BD:
[DEBUG] - ConectarBD:52 2019-07-31 10:12:21 - Conectando con BD:
[DEBUG] - ConectarBD:52 2019-07-31 10:12:21 - Conectando con BD:
[DEBUG] - ConectarBD:52 2019-07-31 10:12:29 - Conectando con BD:
[DEBUG] - ConectarBD:52 2019-07-31 10:12:41 - Conectando con BD:
[DEBUG] - ConectarBD:52 2019-07-31 10:13:09 - Conectando con BD:
[DEBUG] - ConectarBD:52 2019-07-31 10:13:09 - Conectando con BD:
[DEBUG] - ConectarBD:52 2019-07-31 10:13:09 - Conectando con BD:
[DEBUG] - ConectarBD:52 2019-07-31 10:13:09 - Conectando con BD:
[DEBUG] - ConectarBD:52 2019-07-31 10:13:09 - Conectando con BD:
[DEBUG] - ConectarBD:52 2019-07-31 10:13:09 - Conectando con BD:
[DEBUG] - ConectarBD:52 2019-07-31 10:13:09 - Conectando con BD:
[DEBUG] - ConectarBD:52 2019-07-31 10:13:09 - Conectando con BD:
[DEBUG] - ConectarBD:52 2019-07-31 10:13:09 - Conectando con BD:
[DEBUG] - ConectarBD:52 2019-07-31 10:13:10 - Conectando con BD:
[DEBUG] - ConectarBD:52 2019-07-31 10:13:10 - Conectando con BD:
[DEBUG] - ConectarBD:52 2019-07-31 10:13:10 - Conectando con BD:
[DEBUG] - ConectarBD:52 2019-07-31 10:13:10 - Conectando con BD:
[DEBUG] - ConectarBD:52 2019-07-31 10:13:10 - Conectando con BD:
[DEBUG] - ConectarBD:52 2019-07-31 10:13:10 - Conectando con BD:
[DEBUG] - ConectarBD:52 2019-07-31 10:13:10 - Conectando con BD:
[DEBUG] - ConectarBD:52 2019-07-31 10:13:10 - Conectando con BD:
[DEBUG] - ConectarBD:52 2019-07-31 10:13:10 - Conectando con BD:
[DEBUG] - ConectarBD:52 2019-07-31 10:13:10 - Conectando con BD:
[DEBUG] - ConectarBD:52 2019-07-31 10:13:10 - Conectando con BD:
[DEBUG] - ConectarBD:52 2019-07-31 10:13:10 - Conectando con BD:
[DEBUG] - ConectarBD:52 2019-07-31 10:45:27 - Conectando con BD:
[DEBUG] - ConectarBD:52 2019-07-31 10:45:49 - Conectando con BD:
[DEBUG] - ConectarBD:52 2019-07-31 10:45:49 - Conectando con BD:
[DEBUG] - ConectarBD:52 2019-07-31 10:46:13 - Conectando con BD:
[DEBUG] - ConectarBD:52 2019-07-31 10:46:13 - Conectando con BD:
[DEBUG] - ConectarBD:52 2019-07-31 10:46:36 - Conectando con BD:
[DEBUG] - ConectarBD:52 2019-07-31 10:46:56 - Conectando con BD:
[DEBUG] - ConectarBD:52 2019-07-31 10:47:38 - Conectando con BD:
[DEBUG] - ConectarBD:52 2019-07-31 10:47:38 - Conectando con BD:
[DEBUG] - ConectarBD:52 2019-07-31 10:47:38 - Conectando con BD:
[DEBUG] - ConectarBD:52 2019-07-31 10:47:38 - Conectando con BD:
[DEBUG] - ConectarBD:52 2019-07-31 10:47:38 - Conectando con BD:
[DEBUG] - ConectarBD:52 2019-07-31 10:47:38 - Conectando con BD:
[DEBUG] - ConectarBD:52 2019-07-31 10:47:38 - Conectando con BD:
[DEBUG] - ConectarBD:52 2019-07-31 10:47:38 - Conectando con BD:
[DEBUG] - ConectarBD:52 2019-07-31 10:47:38 - Conectando con BD:
[DEBUG] - ConectarBD:52 2019-07-31 10:47:38 - Conectando con BD:
[DEBUG] - ConectarBD:52 2019-07-31 10:47:38 - Conectando con BD:
[DEBUG] - ConectarBD:52 2019-07-31 10:47:38 - Conectando con BD:
[DEBUG] - ConectarBD:52 2019-07-31 10:47:38 - Conectando con BD:
[DEBUG] - ConectarBD:52 2019-07-31 10:47:38 - Conectando con BD:
[DEBUG] - ConectarBD:52 2019-07-31 10:47:38 - Conectando con BD:
[DEBUG] - ConectarBD:52 2019-07-31 10:47:38 - Conectando con BD:
[DEBUG] - ConectarBD:52 2019-07-31 10:47:38 - Conectando con BD:
[DEBUG] - ConectarBD:52 2019-07-31 10:47:38 - Conectando con BD:
[DEBUG] - ConectarBD:52 2019-07-31 10:47:38 - Conectando con BD:
[DEBUG] - ConectarBD:52 2019-07-31 10:47:38 - Conectando con BD:
[DEBUG] - ConectarBD:52 2019-07-31 10:47:38 - Conectando con BD:
[DEBUG] - ConectarBD:52 2019-07-31 10:48:25 - Conectando con BD:
[DEBUG] - ConectarBD:52 2019-07-31 10:48:47 - Conectando con BD:
[DEBUG] - ConectarBD:52 2019-07-31 10:48:47 - Conectando con BD:
[DEBUG] - ConectarBD:52 2019-07-31 10:51:48 - Conectando con BD:
[DEBUG] - ConectarBD:52 2019-07-31 10:51:48 - Conectando con BD:
[DEBUG] - ConectarBD:52 2019-07-31 10:52:35 - Conectando con BD:
[DEBUG] - ConectarBD:52 2019-07-31 10:53:01 - Conectando con BD:
[DEBUG] - ConectarBD:52 2019-07-31 10:55:09 - Conectando con BD:
[DEBUG] - ConectarBD:52 2019-07-31 10:55:20 - Conectando con BD:
[DEBUG] - ConectarBD:52 2019-07-31 10:55:32 - Conectando con BD:
[DEBUG] - ConectarBD:52 2019-07-31 10:55:44 - Conectando con BD:
[DEBUG] - ConectarBD:52 2019-07-31 10:55:45 - Conectando con BD:
[DEBUG] - ConectarBD:52 2019-07-31 10:57:04 - Conectando con BD:
[DEBUG] - ConectarBD:52 2019-07-31 10:57:11 - Conectando con BD:
[DEBUG] - ConectarBD:52 2019-07-31 10:57:14 - Conectando con BD:
[DEBUG] - ConectarBD:52 2019-07-31 10:57:50 - Conectando con BD:
[DEBUG] - ConectarBD:52 2019-07-31 10:58:00 - Conectando con BD:
[DEBUG] - ConectarBD:52 2019-07-31 10:59:37 - Conectando con BD:
[DEBUG] - ConectarBD:52 2019-07-31 10:59:56 - Conectando con BD:
[DEBUG] - ConectarBD:52 2019-07-31 10:59:56 - Conectando con BD:
[DEBUG] - ConectarBD:52 2019-07-31 11:00:08 - Conectando con BD:
[DEBUG] - ConectarBD:52 2019-07-31 11:00:32 - Conectando con BD:
[DEBUG] - ConectarBD:52 2019-07-31 11:00:32 - Conectando con BD:
